477.5064 	WARNING 	User requested fullscreen with size [800 600], but screen is actually [1920, 1080]. Using actual size
478.3007 	EXP 	Created window1 = Window(allowGUI=False, allowStencil=False, autoLog=True, bitsMode=UNKNOWN, blendMode='avg', color=array([-1., -1., -1.]), colorSpace='rgb', fullscr=UNKNOWN, gamma=None, lms=UNKNOWN, monitor=<psychopy.monitors.calibTools.Monitor object at 0x11B9ACF0>, multiSample=False, name='window1', numSamples=2, pos=[0, 0], screen=0, size=array([1920, 1080]), stereo=False, units=u'norm', useFBO=True, useRetina=False, viewOri=0.0, viewPos=None, viewScale=None, waitBlanking=True, winType='pyglet')
478.4340 	EXP 	Created unnamed TextStim = TextStim(alignHoriz='center', alignVert='center', antialias=True, autoLog=True, bold=False, color=array([ 1.,  1.,  1.]), colorSpace='rgb', contrast=1.0, depth=0.0, flipHoriz=False, flipVert=False, font='', fontFiles=[], height=0.1, italic=False, name='unnamed TextStim', opacity=1.0, ori=0.0, pos=array([ 0.,  0.]), rgb=array([ 1.,  1.,  1.]), text=unicode(...), units=u'norm', win=Window(...), wrapWidth=1.5)
478.4459 	EXP 	Created unnamed TextStim = TextStim(alignHoriz='center', alignVert='center', antialias=True, autoLog=True, bold=False, color=array([ 1.,  1.,  1.]), colorSpace='rgb', contrast=1.0, depth=0.0, flipHoriz=False, flipVert=False, font='', fontFiles=[], height=0.1, italic=False, name='unnamed TextStim', opacity=1.0, ori=0.0, pos=array([ 0.,  0.]), rgb=array([ 1.,  1.,  1.]), text=u'Waiting for the experimenter.', units=u'norm', win=Window(...), wrapWidth=1.5)
478.4527 	EXP 	Created unnamed TextStim = TextStim(alignHoriz='center', alignVert='center', antialias=True, autoLog=True, bold=False, color=array([ 1.,  1.,  1.]), colorSpace='rgb', contrast=1.0, depth=0.0, flipHoriz=False, flipVert=False, font='', fontFiles=[], height=0.1, italic=False, name='unnamed TextStim', opacity=1.0, ori=0.0, pos=array([ 0.,  0.]), rgb=array([ 1.,  1.,  1.]), text=u'Waiting for the scanner.', units=u'norm', win=Window(...), wrapWidth=1.5)
478.4608 	EXP 	Created unnamed TextStim = TextStim(alignHoriz='center', alignVert='center', antialias=True, autoLog=True, bold=False, color=array([ 1.,  1.,  1.]), colorSpace='rgb', contrast=1.0, depth=0.0, flipHoriz=False, flipVert=False, font='', fontFiles=[], height=0.1, italic=False, name='unnamed TextStim', opacity=1.0, ori=0.0, pos=array([ 0.,  0.]), rgb=array([ 1.,  1.,  1.]), text=u'Thanks!', units=u'norm', win=Window(...), wrapWidth=1.5)
478.4614 	EXP 	window1: blendMode = 'avg'
639.2614 	DATA 	Keypress: 1
639.2620 	EXP 	window1: blendMode = 'avg'
650.5393 	DATA 	Keypress: space
650.5399 	EXP 	window1: blendMode = 'avg'
669.0365 	DATA 	Keypress: num_multiply
669.0496 	EXP 	Created unnamed ImageStim = ImageStim(autoLog=True, color=array([ 1.,  1.,  1.]), colorSpace='rgb', contrast=1.0, depth=0, flipHoriz=False, flipVert=False, image='stimuli/0back_instr.jpg', interpolate=False, mask=None, maskParams=None, name='unnamed ImageStim', opacity=1.0, ori=0.0, pos=array([ 0.,  0.]), size=array([ 0.75,  1.  ]), texRes=128, units=u'norm', win=Window(...))
669.0598 	EXP 	Created unnamed ImageStim = ImageStim(autoLog=True, color=array([ 1.,  1.,  1.]), colorSpace='rgb', contrast=1.0, depth=0, flipHoriz=False, flipVert=False, image='stimuli/fix.jpg', interpolate=False, mask=None, maskParams=None, name='unnamed ImageStim', opacity=1.0, ori=0.0, pos=array([ 0.,  0.]), size=array([ 0.75,  1.  ]), texRes=128, units=u'norm', win=Window(...))
669.0698 	EXP 	Created unnamed ImageStim = ImageStim(autoLog=True, color=array([ 1.,  1.,  1.]), colorSpace='rgb', contrast=1.0, depth=0, flipHoriz=False, flipVert=False, image='stimuli/7.jpg', interpolate=False, mask=None, maskParams=None, name='unnamed ImageStim', opacity=1.0, ori=0.0, pos=array([ 0.,  0.]), size=array([ 0.75,  1.  ]), texRes=128, units=u'norm', win=Window(...))
669.0797 	EXP 	Created unnamed ImageStim = ImageStim(autoLog=True, color=array([ 1.,  1.,  1.]), colorSpace='rgb', contrast=1.0, depth=0, flipHoriz=False, flipVert=False, image='stimuli/8.jpg', interpolate=False, mask=None, maskParams=None, name='unnamed ImageStim', opacity=1.0, ori=0.0, pos=array([ 0.,  0.]), size=array([ 0.75,  1.  ]), texRes=128, units=u'norm', win=Window(...))
669.0897 	EXP 	Created unnamed ImageStim = ImageStim(autoLog=True, color=array([ 1.,  1.,  1.]), colorSpace='rgb', contrast=1.0, depth=0, flipHoriz=False, flipVert=False, image='stimuli/4.jpg', interpolate=False, mask=None, maskParams=None, name='unnamed ImageStim', opacity=1.0, ori=0.0, pos=array([ 0.,  0.]), size=array([ 0.75,  1.  ]), texRes=128, units=u'norm', win=Window(...))
669.0998 	EXP 	Created unnamed ImageStim = ImageStim(autoLog=True, color=array([ 1.,  1.,  1.]), colorSpace='rgb', contrast=1.0, depth=0, flipHoriz=False, flipVert=False, image='stimuli/6.jpg', interpolate=False, mask=None, maskParams=None, name='unnamed ImageStim', opacity=1.0, ori=0.0, pos=array([ 0.,  0.]), size=array([ 0.75,  1.  ]), texRes=128, units=u'norm', win=Window(...))
669.1097 	EXP 	Created unnamed ImageStim = ImageStim(autoLog=True, color=array([ 1.,  1.,  1.]), colorSpace='rgb', contrast=1.0, depth=0, flipHoriz=False, flipVert=False, image='stimuli/1.jpg', interpolate=False, mask=None, maskParams=None, name='unnamed ImageStim', opacity=1.0, ori=0.0, pos=array([ 0.,  0.]), size=array([ 0.75,  1.  ]), texRes=128, units=u'norm', win=Window(...))
669.1197 	EXP 	Created unnamed ImageStim = ImageStim(autoLog=True, color=array([ 1.,  1.,  1.]), colorSpace='rgb', contrast=1.0, depth=0, flipHoriz=False, flipVert=False, image='stimuli/5.jpg', interpolate=False, mask=None, maskParams=None, name='unnamed ImageStim', opacity=1.0, ori=0.0, pos=array([ 0.,  0.]), size=array([ 0.75,  1.  ]), texRes=128, units=u'norm', win=Window(...))
669.1298 	EXP 	Created unnamed ImageStim = ImageStim(autoLog=True, color=array([ 1.,  1.,  1.]), colorSpace='rgb', contrast=1.0, depth=0, flipHoriz=False, flipVert=False, image='stimuli/3.jpg', interpolate=False, mask=None, maskParams=None, name='unnamed ImageStim', opacity=1.0, ori=0.0, pos=array([ 0.,  0.]), size=array([ 0.75,  1.  ]), texRes=128, units=u'norm', win=Window(...))
669.1397 	EXP 	Created unnamed ImageStim = ImageStim(autoLog=True, color=array([ 1.,  1.,  1.]), colorSpace='rgb', contrast=1.0, depth=0, flipHoriz=False, flipVert=False, image='stimuli/2.jpg', interpolate=False, mask=None, maskParams=None, name='unnamed ImageStim', opacity=1.0, ori=0.0, pos=array([ 0.,  0.]), size=array([ 0.75,  1.  ]), texRes=128, units=u'norm', win=Window(...))
669.1499 	EXP 	Created unnamed ImageStim = ImageStim(autoLog=True, color=array([ 1.,  1.,  1.]), colorSpace='rgb', contrast=1.0, depth=0, flipHoriz=False, flipVert=False, image='stimuli/1back_instr.jpg', interpolate=False, mask=None, maskParams=None, name='unnamed ImageStim', opacity=1.0, ori=0.0, pos=array([ 0.,  0.]), size=array([ 0.75,  1.  ]), texRes=128, units=u'norm', win=Window(...))
669.1600 	EXP 	Created unnamed ImageStim = ImageStim(autoLog=True, color=array([ 1.,  1.,  1.]), colorSpace='rgb', contrast=1.0, depth=0, flipHoriz=False, flipVert=False, image='stimuli/4_lower.jpg', interpolate=False, mask=None, maskParams=None, name='unnamed ImageStim', opacity=1.0, ori=0.0, pos=array([ 0.,  0.]), size=array([ 0.75,  1.  ]), texRes=128, units=u'norm', win=Window(...))
669.1700 	EXP 	Created unnamed ImageStim = ImageStim(autoLog=True, color=array([ 1.,  1.,  1.]), colorSpace='rgb', contrast=1.0, depth=0, flipHoriz=False, flipVert=False, image='stimuli/5_lower.jpg', interpolate=False, mask=None, maskParams=None, name='unnamed ImageStim', opacity=1.0, ori=0.0, pos=array([ 0.,  0.]), size=array([ 0.75,  1.  ]), texRes=128, units=u'norm', win=Window(...))
669.1798 	EXP 	Created unnamed ImageStim = ImageStim(autoLog=True, color=array([ 1.,  1.,  1.]), colorSpace='rgb', contrast=1.0, depth=0, flipHoriz=False, flipVert=False, image='stimuli/7_lower.jpg', interpolate=False, mask=None, maskParams=None, name='unnamed ImageStim', opacity=1.0, ori=0.0, pos=array([ 0.,  0.]), size=array([ 0.75,  1.  ]), texRes=128, units=u'norm', win=Window(...))
669.1895 	EXP 	Created unnamed ImageStim = ImageStim(autoLog=True, color=array([ 1.,  1.,  1.]), colorSpace='rgb', contrast=1.0, depth=0, flipHoriz=False, flipVert=False, image='stimuli/3_lower.jpg', interpolate=False, mask=None, maskParams=None, name='unnamed ImageStim', opacity=1.0, ori=0.0, pos=array([ 0.,  0.]), size=array([ 0.75,  1.  ]), texRes=128, units=u'norm', win=Window(...))
669.1995 	EXP 	Created unnamed ImageStim = ImageStim(autoLog=True, color=array([ 1.,  1.,  1.]), colorSpace='rgb', contrast=1.0, depth=0, flipHoriz=False, flipVert=False, image='stimuli/2_lower.jpg', interpolate=False, mask=None, maskParams=None, name='unnamed ImageStim', opacity=1.0, ori=0.0, pos=array([ 0.,  0.]), size=array([ 0.75,  1.  ]), texRes=128, units=u'norm', win=Window(...))
669.2099 	EXP 	Created unnamed ImageStim = ImageStim(autoLog=True, color=array([ 1.,  1.,  1.]), colorSpace='rgb', contrast=1.0, depth=0, flipHoriz=False, flipVert=False, image='stimuli/8_lower.jpg', interpolate=False, mask=None, maskParams=None, name='unnamed ImageStim', opacity=1.0, ori=0.0, pos=array([ 0.,  0.]), size=array([ 0.75,  1.  ]), texRes=128, units=u'norm', win=Window(...))
669.2197 	EXP 	Created unnamed ImageStim = ImageStim(autoLog=True, color=array([ 1.,  1.,  1.]), colorSpace='rgb', contrast=1.0, depth=0, flipHoriz=False, flipVert=False, image='stimuli/1_lower.jpg', interpolate=False, mask=None, maskParams=None, name='unnamed ImageStim', opacity=1.0, ori=0.0, pos=array([ 0.,  0.]), size=array([ 0.75,  1.  ]), texRes=128, units=u'norm', win=Window(...))
669.2301 	EXP 	Created unnamed ImageStim = ImageStim(autoLog=True, color=array([ 1.,  1.,  1.]), colorSpace='rgb', contrast=1.0, depth=0, flipHoriz=False, flipVert=False, image='stimuli/2back_instr.jpg', interpolate=False, mask=None, maskParams=None, name='unnamed ImageStim', opacity=1.0, ori=0.0, pos=array([ 0.,  0.]), size=array([ 0.75,  1.  ]), texRes=128, units=u'norm', win=Window(...))
669.2401 	EXP 	Created unnamed ImageStim = ImageStim(autoLog=True, color=array([ 1.,  1.,  1.]), colorSpace='rgb', contrast=1.0, depth=0, flipHoriz=False, flipVert=False, image='stimuli/6_lower.jpg', interpolate=False, mask=None, maskParams=None, name='unnamed ImageStim', opacity=1.0, ori=0.0, pos=array([ 0.,  0.]), size=array([ 0.75,  1.  ]), texRes=128, units=u'norm', win=Window(...))
670.0484 	DATA 	Keypress: num_multiply
671.0301 	DATA 	Keypress: num_multiply
672.0302 	DATA 	Keypress: num_multiply
673.0468 	DATA 	Keypress: num_multiply
674.0466 	DATA 	Keypress: num_multiply
675.0295 	DATA 	Keypress: num_multiply
676.0297 	DATA 	Keypress: num_multiply
676.2463 	DATA 	Keypress: 1
677.0296 	DATA 	Keypress: num_multiply
678.0461 	DATA 	Keypress: num_multiply
679.0452 	DATA 	Keypress: num_multiply
680.0298 	DATA 	Keypress: num_multiply
681.0295 	DATA 	Keypress: num_multiply
682.0457 	DATA 	Keypress: num_multiply
683.0456 	DATA 	Keypress: num_multiply
684.0298 	DATA 	Keypress: num_multiply
685.0322 	DATA 	Keypress: num_multiply
685.2455 	DATA 	Keypress: 1
686.0321 	DATA 	Keypress: num_multiply
687.0452 	DATA 	Keypress: num_multiply
688.0320 	DATA 	Keypress: num_multiply
689.0318 	DATA 	Keypress: num_multiply
690.0318 	DATA 	Keypress: num_multiply
691.0444 	DATA 	Keypress: num_multiply
692.0438 	DATA 	Keypress: num_multiply
693.0312 	DATA 	Keypress: num_multiply
694.0313 	DATA 	Keypress: num_multiply
694.3112 	DATA 	Keypress: 1
695.0443 	DATA 	Keypress: num_multiply
696.0441 	DATA 	Keypress: num_multiply
697.0311 	DATA 	Keypress: num_multiply
698.0307 	DATA 	Keypress: num_multiply
699.0309 	DATA 	Keypress: num_multiply
700.0436 	DATA 	Keypress: num_multiply
701.0436 	DATA 	Keypress: num_multiply
702.0306 	DATA 	Keypress: num_multiply
703.0422 	DATA 	Keypress: num_multiply
704.0433 	DATA 	Keypress: num_multiply
705.0431 	DATA 	Keypress: num_multiply
706.0300 	DATA 	Keypress: num_multiply
707.0300 	DATA 	Keypress: num_multiply
708.0431 	DATA 	Keypress: num_multiply
709.0434 	DATA 	Keypress: num_multiply
710.0425 	DATA 	Keypress: num_multiply
711.0298 	DATA 	Keypress: num_multiply
712.0297 	DATA 	Keypress: num_multiply
713.0419 	DATA 	Keypress: num_multiply
714.0426 	DATA 	Keypress: num_multiply
714.1593 	DATA 	Keypress: 1
715.0294 	DATA 	Keypress: num_multiply
716.0420 	DATA 	Keypress: num_multiply
717.0423 	DATA 	Keypress: num_multiply
718.0422 	DATA 	Keypress: num_multiply
719.0413 	DATA 	Keypress: num_multiply
720.0410 	DATA 	Keypress: num_multiply
721.0406 	DATA 	Keypress: num_multiply
722.0447 	DATA 	Keypress: num_multiply
723.0420 	DATA 	Keypress: num_multiply
724.0416 	DATA 	Keypress: num_multiply
725.0415 	DATA 	Keypress: num_multiply
725.7599 	DATA 	Keypress: 1
726.0415 	DATA 	Keypress: num_multiply
727.0443 	DATA 	Keypress: num_multiply
728.0429 	DATA 	Keypress: num_multiply
729.0412 	DATA 	Keypress: num_multiply
730.0397 	DATA 	Keypress: num_multiply
731.0400 	DATA 	Keypress: num_multiply
732.0404 	DATA 	Keypress: num_multiply
733.0406 	DATA 	Keypress: num_multiply
734.0392 	DATA 	Keypress: num_multiply
735.0396 	DATA 	Keypress: num_multiply
736.0404 	DATA 	Keypress: num_multiply
737.0369 	DATA 	Keypress: num_multiply
737.6402 	DATA 	Keypress: 1
738.0397 	DATA 	Keypress: num_multiply
739.0288 	DATA 	Keypress: num_multiply
740.0398 	DATA 	Keypress: num_multiply
741.0399 	DATA 	Keypress: num_multiply
742.0390 	DATA 	Keypress: num_multiply
743.0386 	DATA 	Keypress: num_multiply
744.0396 	DATA 	Keypress: num_multiply
745.0399 	DATA 	Keypress: num_multiply
746.0394 	DATA 	Keypress: num_multiply
747.0389 	DATA 	Keypress: num_multiply
748.0384 	DATA 	Keypress: num_multiply
749.0391 	DATA 	Keypress: num_multiply
750.0386 	DATA 	Keypress: num_multiply
751.0385 	DATA 	Keypress: num_multiply
752.0388 	DATA 	Keypress: num_multiply
753.0385 	DATA 	Keypress: num_multiply
754.0386 	DATA 	Keypress: num_multiply
755.0382 	DATA 	Keypress: num_multiply
756.0384 	DATA 	Keypress: num_multiply
756.1423 	DATA 	Keypress: 1
757.0383 	DATA 	Keypress: num_multiply
758.0382 	DATA 	Keypress: num_multiply
759.0381 	DATA 	Keypress: num_multiply
760.0400 	DATA 	Keypress: num_multiply
761.0371 	DATA 	Keypress: num_multiply
762.0378 	DATA 	Keypress: num_multiply
763.0377 	DATA 	Keypress: num_multiply
764.0374 	DATA 	Keypress: num_multiply
765.0390 	DATA 	Keypress: num_multiply
766.0373 	DATA 	Keypress: num_multiply
767.0377 	DATA 	Keypress: num_multiply
768.0376 	DATA 	Keypress: num_multiply
769.0365 	DATA 	Keypress: num_multiply
770.0399 	DATA 	Keypress: num_multiply
771.0411 	DATA 	Keypress: num_multiply
772.0397 	DATA 	Keypress: num_multiply
773.0361 	DATA 	Keypress: num_multiply
774.0393 	DATA 	Keypress: num_multiply
775.0407 	DATA 	Keypress: num_multiply
776.0405 	DATA 	Keypress: num_multiply
776.9026 	DATA 	Keypress: 1
777.0356 	DATA 	Keypress: num_multiply
778.0354 	DATA 	Keypress: num_multiply
779.0402 	DATA 	Keypress: num_multiply
780.0389 	DATA 	Keypress: num_multiply
781.0388 	DATA 	Keypress: num_multiply
782.0357 	DATA 	Keypress: num_multiply
783.0353 	DATA 	Keypress: num_multiply
784.0386 	DATA 	Keypress: num_multiply
785.0396 	DATA 	Keypress: num_multiply
786.0350 	DATA 	Keypress: num_multiply
787.0349 	DATA 	Keypress: num_multiply
788.0395 	DATA 	Keypress: num_multiply
788.9510 	DATA 	Keypress: 1
789.0510 	DATA 	Keypress: num_multiply
790.0393 	DATA 	Keypress: num_multiply
791.0342 	DATA 	Keypress: num_multiply
792.0345 	DATA 	Keypress: num_multiply
793.0388 	DATA 	Keypress: num_multiply
794.0389 	DATA 	Keypress: num_multiply
795.0346 	DATA 	Keypress: num_multiply
796.0340 	DATA 	Keypress: num_multiply
797.0374 	DATA 	Keypress: num_multiply
798.0373 	DATA 	Keypress: num_multiply
799.0385 	DATA 	Keypress: num_multiply
800.0336 	DATA 	Keypress: num_multiply
801.0370 	DATA 	Keypress: num_multiply
802.0500 	DATA 	Keypress: num_multiply
802.5832 	DATA 	Keypress: 1
803.0381 	DATA 	Keypress: num_multiply
804.0323 	DATA 	Keypress: num_multiply
805.0323 	DATA 	Keypress: num_multiply
806.0374 	DATA 	Keypress: num_multiply
807.0495 	DATA 	Keypress: num_multiply
808.0494 	DATA 	Keypress: num_multiply
809.0356 	DATA 	Keypress: num_multiply
810.0376 	DATA 	Keypress: num_multiply
811.0492 	DATA 	Keypress: num_multiply
812.0510 	DATA 	Keypress: num_multiply
813.0327 	DATA 	Keypress: num_multiply
814.0322 	DATA 	Keypress: num_multiply
815.0523 	DATA 	Keypress: num_multiply
816.0488 	DATA 	Keypress: num_multiply
817.0324 	DATA 	Keypress: num_multiply
818.0322 	DATA 	Keypress: num_multiply
819.0488 	DATA 	Keypress: num_multiply
820.0487 	DATA 	Keypress: num_multiply
821.0486 	DATA 	Keypress: num_multiply
822.0314 	DATA 	Keypress: num_multiply
823.0484 	DATA 	Keypress: num_multiply
823.9514 	DATA 	Keypress: 1
824.0479 	DATA 	Keypress: num_multiply
825.0477 	DATA 	Keypress: num_multiply
826.0319 	DATA 	Keypress: num_multiply
827.0309 	DATA 	Keypress: num_multiply
827.3668 	DATA 	Keypress: 1
828.0475 	DATA 	Keypress: num_multiply
829.0474 	DATA 	Keypress: num_multiply
830.0472 	DATA 	Keypress: num_multiply
831.0320 	DATA 	Keypress: num_multiply
832.0470 	DATA 	Keypress: num_multiply
833.0466 	DATA 	Keypress: num_multiply
834.0468 	DATA 	Keypress: num_multiply
835.0305 	DATA 	Keypress: num_multiply
836.0296 	DATA 	Keypress: num_multiply
837.0465 	DATA 	Keypress: num_multiply
838.0464 	DATA 	Keypress: num_multiply
839.0463 	DATA 	Keypress: num_multiply
840.0292 	DATA 	Keypress: num_multiply
841.0455 	DATA 	Keypress: num_multiply
841.9785 	DATA 	Keypress: 1
842.0457 	DATA 	Keypress: num_multiply
843.0456 	DATA 	Keypress: num_multiply
844.0292 	DATA 	Keypress: num_multiply
845.0318 	DATA 	Keypress: num_multiply
846.0453 	DATA 	Keypress: num_multiply
847.0467 	DATA 	Keypress: num_multiply
848.0454 	DATA 	Keypress: num_multiply
849.0327 	DATA 	Keypress: num_multiply
850.0448 	DATA 	Keypress: num_multiply
851.0455 	DATA 	Keypress: num_multiply
852.0445 	DATA 	Keypress: num_multiply
853.0323 	DATA 	Keypress: num_multiply
854.0452 	DATA 	Keypress: num_multiply
855.0446 	DATA 	Keypress: num_multiply
856.0443 	DATA 	Keypress: num_multiply
857.0459 	DATA 	Keypress: num_multiply
858.0301 	DATA 	Keypress: num_multiply
859.0440 	DATA 	Keypress: num_multiply
860.0444 	DATA 	Keypress: num_multiply
861.0446 	DATA 	Keypress: num_multiply
862.0313 	DATA 	Keypress: num_multiply
863.0437 	DATA 	Keypress: num_multiply
864.0431 	DATA 	Keypress: num_multiply
865.0438 	DATA 	Keypress: num_multiply
866.0312 	DATA 	Keypress: num_multiply
866.2095 	DATA 	Keypress: 1
867.0316 	DATA 	Keypress: num_multiply
868.0432 	DATA 	Keypress: num_multiply
869.0431 	DATA 	Keypress: num_multiply
870.0429 	DATA 	Keypress: num_multiply
871.0302 	DATA 	Keypress: num_multiply
872.0428 	DATA 	Keypress: num_multiply
872.3280 	DATA 	Keypress: 1
873.0422 	DATA 	Keypress: num_multiply
874.0423 	DATA 	Keypress: num_multiply
875.0301 	DATA 	Keypress: num_multiply
876.0426 	DATA 	Keypress: num_multiply
877.0443 	DATA 	Keypress: num_multiply
878.0429 	DATA 	Keypress: num_multiply
879.0420 	DATA 	Keypress: num_multiply
880.0312 	DATA 	Keypress: num_multiply
881.0419 	DATA 	Keypress: num_multiply
882.0421 	DATA 	Keypress: num_multiply
883.0420 	DATA 	Keypress: num_multiply
884.0415 	DATA 	Keypress: num_multiply
885.0415 	DATA 	Keypress: num_multiply
886.0414 	DATA 	Keypress: num_multiply
887.0412 	DATA 	Keypress: num_multiply
888.0415 	DATA 	Keypress: num_multiply
889.0410 	DATA 	Keypress: num_multiply
890.0410 	DATA 	Keypress: num_multiply
890.2610 	DATA 	Keypress: 1
891.0409 	DATA 	Keypress: num_multiply
892.0414 	DATA 	Keypress: num_multiply
893.0407 	DATA 	Keypress: num_multiply
894.0406 	DATA 	Keypress: num_multiply
895.0404 	DATA 	Keypress: num_multiply
896.0402 	DATA 	Keypress: num_multiply
897.0402 	DATA 	Keypress: num_multiply
898.0402 	DATA 	Keypress: num_multiply
899.0402 	DATA 	Keypress: num_multiply
900.0400 	DATA 	Keypress: num_multiply
901.0404 	DATA 	Keypress: num_multiply
902.0291 	DATA 	Keypress: num_multiply
903.0395 	DATA 	Keypress: num_multiply
904.0403 	DATA 	Keypress: num_multiply
905.0427 	DATA 	Keypress: num_multiply
906.0393 	DATA 	Keypress: num_multiply
907.0396 	DATA 	Keypress: num_multiply
908.0391 	DATA 	Keypress: num_multiply
909.0394 	DATA 	Keypress: num_multiply
910.0427 	DATA 	Keypress: num_multiply
911.0392 	DATA 	Keypress: num_multiply
912.0389 	DATA 	Keypress: num_multiply
913.0388 	DATA 	Keypress: num_multiply
914.0385 	DATA 	Keypress: num_multiply
915.0388 	DATA 	Keypress: num_multiply
916.0383 	DATA 	Keypress: num_multiply
917.0384 	DATA 	Keypress: num_multiply
918.0372 	DATA 	Keypress: num_multiply
919.0381 	DATA 	Keypress: num_multiply
920.0382 	DATA 	Keypress: num_multiply
921.0375 	DATA 	Keypress: num_multiply
922.0377 	DATA 	Keypress: num_multiply
923.0380 	DATA 	Keypress: num_multiply
924.0382 	DATA 	Keypress: num_multiply
925.0373 	DATA 	Keypress: num_multiply
926.0374 	DATA 	Keypress: num_multiply
926.6703 	DATA 	Keypress: 1
927.0403 	DATA 	Keypress: num_multiply
928.0373 	DATA 	Keypress: num_multiply
929.0372 	DATA 	Keypress: num_multiply
930.0376 	DATA 	Keypress: num_multiply
931.0378 	DATA 	Keypress: num_multiply
931.6198 	DATA 	Keypress: 1
932.0405 	DATA 	Keypress: num_multiply
933.0366 	DATA 	Keypress: num_multiply
934.0416 	DATA 	Keypress: num_multiply
935.0403 	DATA 	Keypress: num_multiply
936.0401 	DATA 	Keypress: num_multiply
937.0401 	DATA 	Keypress: num_multiply
938.0398 	DATA 	Keypress: num_multiply
939.0407 	DATA 	Keypress: num_multiply
940.0397 	DATA 	Keypress: num_multiply
941.0390 	DATA 	Keypress: num_multiply
941.4062 	DATA 	Keypress: 1
942.0358 	DATA 	Keypress: num_multiply
943.0395 	DATA 	Keypress: num_multiply
944.0406 	DATA 	Keypress: num_multiply
945.0392 	DATA 	Keypress: num_multiply
946.0391 	DATA 	Keypress: num_multiply
947.0385 	DATA 	Keypress: num_multiply
948.0389 	DATA 	Keypress: num_multiply
949.0416 	DATA 	Keypress: num_multiply
950.0386 	DATA 	Keypress: num_multiply
951.0356 	DATA 	Keypress: num_multiply
952.0381 	DATA 	Keypress: num_multiply
953.0385 	DATA 	Keypress: num_multiply
954.0396 	DATA 	Keypress: num_multiply
955.0345 	DATA 	Keypress: num_multiply
956.0381 	DATA 	Keypress: num_multiply
957.0380 	DATA 	Keypress: num_multiply
958.0379 	DATA 	Keypress: num_multiply
959.0377 	DATA 	Keypress: num_multiply
960.0377 	DATA 	Keypress: num_multiply
961.0389 	DATA 	Keypress: num_multiply
962.0374 	DATA 	Keypress: num_multiply
963.0373 	DATA 	Keypress: num_multiply
964.0338 	DATA 	Keypress: num_multiply
965.0381 	DATA 	Keypress: num_multiply
966.0370 	DATA 	Keypress: num_multiply
967.0372 	DATA 	Keypress: num_multiply
968.0371 	DATA 	Keypress: num_multiply
969.0369 	DATA 	Keypress: num_multiply
970.0495 	DATA 	Keypress: num_multiply
971.0495 	DATA 	Keypress: num_multiply
972.0494 	DATA 	Keypress: num_multiply
973.0322 	DATA 	Keypress: num_multiply
974.0492 	DATA 	Keypress: num_multiply
975.0381 	DATA 	Keypress: num_multiply
976.0489 	DATA 	Keypress: num_multiply
977.0489 	DATA 	Keypress: num_multiply
978.0370 	DATA 	Keypress: num_multiply
979.0486 	DATA 	Keypress: num_multiply
979.7986 	DATA 	Keypress: 1
980.0508 	DATA 	Keypress: num_multiply
981.0483 	DATA 	Keypress: num_multiply
982.0318 	DATA 	Keypress: num_multiply
983.0483 	DATA 	Keypress: num_multiply
984.0482 	DATA 	Keypress: num_multiply
985.0481 	DATA 	Keypress: num_multiply
986.0475 	DATA 	Keypress: num_multiply
987.0505 	DATA 	Keypress: num_multiply
988.0473 	DATA 	Keypress: num_multiply
988.6018 	DATA 	Keypress: 1
989.0477 	DATA 	Keypress: num_multiply
990.0476 	DATA 	Keypress: num_multiply
991.0480 	DATA 	Keypress: num_multiply
992.0474 	DATA 	Keypress: num_multiply
993.0473 	DATA 	Keypress: num_multiply
994.0472 	DATA 	Keypress: num_multiply
995.0305 	DATA 	Keypress: num_multiply
996.0474 	DATA 	Keypress: num_multiply
997.0470 	DATA 	Keypress: num_multiply
998.0468 	DATA 	Keypress: num_multiply
999.0467 	DATA 	Keypress: num_multiply
1000.0481 	DATA 	Keypress: num_multiply
1001.0465 	DATA 	Keypress: num_multiply
1002.0459 	DATA 	Keypress: num_multiply
1003.0463 	DATA 	Keypress: num_multiply
1004.0294 	DATA 	Keypress: num_multiply
1005.0461 	DATA 	Keypress: num_multiply
1006.0460 	DATA 	Keypress: num_multiply
1007.0454 	DATA 	Keypress: num_multiply
1008.0458 	DATA 	Keypress: num_multiply
1009.0452 	DATA 	Keypress: num_multiply
1010.0456 	DATA 	Keypress: num_multiply
1011.0455 	DATA 	Keypress: num_multiply
1012.0449 	DATA 	Keypress: num_multiply
1013.0453 	DATA 	Keypress: num_multiply
1013.8784 	DATA 	Keypress: 1
1014.0452 	DATA 	Keypress: num_multiply
1015.0451 	DATA 	Keypress: num_multiply
1016.0449 	DATA 	Keypress: num_multiply
1017.0449 	DATA 	Keypress: num_multiply
1018.0453 	DATA 	Keypress: num_multiply
1019.0447 	DATA 	Keypress: num_multiply
1020.0445 	DATA 	Keypress: num_multiply
1021.0450 	DATA 	Keypress: num_multiply
1022.0443 	DATA 	Keypress: num_multiply
1022.6779 	DATA 	Keypress: 1
1023.0441 	DATA 	Keypress: num_multiply
1024.0441 	DATA 	Keypress: num_multiply
1025.0440 	DATA 	Keypress: num_multiply
1026.0442 	DATA 	Keypress: num_multiply
1027.0434 	DATA 	Keypress: num_multiply
1028.0437 	DATA 	Keypress: num_multiply
1029.0437 	DATA 	Keypress: num_multiply
1030.0458 	DATA 	Keypress: num_multiply
1031.0435 	DATA 	Keypress: num_multiply
1032.0431 	DATA 	Keypress: num_multiply
1033.0429 	DATA 	Keypress: num_multiply
1034.0429 	DATA 	Keypress: num_multiply
1035.0308 	DATA 	Keypress: num_multiply
1036.0428 	DATA 	Keypress: num_multiply
1037.0429 	DATA 	Keypress: num_multiply
1037.8639 	DATA 	Keypress: 1
1038.0428 	DATA 	Keypress: num_multiply
1039.0425 	DATA 	Keypress: num_multiply
1040.0423 	DATA 	Keypress: num_multiply
1041.0422 	DATA 	Keypress: num_multiply
1042.0422 	DATA 	Keypress: num_multiply
1043.0422 	DATA 	Keypress: num_multiply
1044.0421 	DATA 	Keypress: num_multiply
1045.0422 	DATA 	Keypress: num_multiply
1046.0420 	DATA 	Keypress: num_multiply
1047.0420 	DATA 	Keypress: num_multiply
1048.0419 	DATA 	Keypress: num_multiply
1049.0417 	DATA 	Keypress: num_multiply
1050.0416 	DATA 	Keypress: num_multiply
1051.0415 	DATA 	Keypress: num_multiply
1052.0415 	DATA 	Keypress: num_multiply
1053.0413 	DATA 	Keypress: num_multiply
1054.0412 	DATA 	Keypress: num_multiply
1055.0411 	DATA 	Keypress: num_multiply
1056.0411 	DATA 	Keypress: num_multiply
1057.0409 	DATA 	Keypress: num_multiply
1058.0408 	DATA 	Keypress: num_multiply
1059.0407 	DATA 	Keypress: num_multiply
1060.0406 	DATA 	Keypress: num_multiply
1061.0406 	DATA 	Keypress: num_multiply
1062.0403 	DATA 	Keypress: num_multiply
1063.0403 	DATA 	Keypress: num_multiply
1064.0398 	DATA 	Keypress: num_multiply
1065.0401 	DATA 	Keypress: num_multiply
1066.0403 	DATA 	Keypress: num_multiply
1067.0402 	DATA 	Keypress: num_multiply
1068.0234 	DATA 	Keypress: 1
1068.0401 	DATA 	Keypress: num_multiply
1069.0393 	DATA 	Keypress: num_multiply
1070.0396 	DATA 	Keypress: num_multiply
1071.0392 	DATA 	Keypress: num_multiply
1072.0422 	DATA 	Keypress: num_multiply
1073.0393 	DATA 	Keypress: num_multiply
1074.0273 	DATA 	Keypress: 1
1074.0392 	DATA 	Keypress: num_multiply
1075.0390 	DATA 	Keypress: num_multiply
1076.0390 	DATA 	Keypress: num_multiply
1077.0391 	DATA 	Keypress: num_multiply
1078.0388 	DATA 	Keypress: num_multiply
1079.0388 	DATA 	Keypress: num_multiply
1080.0388 	DATA 	Keypress: num_multiply
1081.0386 	DATA 	Keypress: num_multiply
1082.0385 	DATA 	Keypress: num_multiply
1083.0379 	DATA 	Keypress: num_multiply
1084.0382 	DATA 	Keypress: num_multiply
1085.0381 	DATA 	Keypress: num_multiply
1086.0399 	DATA 	Keypress: num_multiply
1086.1430 	DATA 	Keypress: 1
1087.0380 	DATA 	Keypress: num_multiply
1088.0379 	DATA 	Keypress: num_multiply
1091.1484 	EXP 	window1: blendMode = 'avg'
1104.1147 	DATA 	Keypress: space
1104.1150 	EXP 	window1: blendMode = 'avg'
1126.9963 	DATA 	Keypress: num_multiply
1128.0008 	DATA 	Keypress: num_multiply
1129.0004 	DATA 	Keypress: num_multiply
1130.0003 	DATA 	Keypress: num_multiply
1131.0024 	DATA 	Keypress: num_multiply
1131.1003 	DATA 	Keypress: 1
1132.0000 	DATA 	Keypress: num_multiply
1133.0001 	DATA 	Keypress: num_multiply
1133.9999 	DATA 	Keypress: num_multiply
1134.9998 	DATA 	Keypress: num_multiply
1135.9997 	DATA 	Keypress: num_multiply
1136.9997 	DATA 	Keypress: num_multiply
1137.9997 	DATA 	Keypress: num_multiply
1138.9989 	DATA 	Keypress: num_multiply
1139.9994 	DATA 	Keypress: num_multiply
1140.9988 	DATA 	Keypress: num_multiply
1141.9993 	DATA 	Keypress: num_multiply
1142.9993 	DATA 	Keypress: num_multiply
1143.0043 	DATA 	Keypress: 1
1143.9988 	DATA 	Keypress: num_multiply
1144.4822 	DATA 	Keypress: 1
1144.9988 	DATA 	Keypress: num_multiply
1145.9994 	DATA 	Keypress: num_multiply
1146.9985 	DATA 	Keypress: num_multiply
1147.9990 	DATA 	Keypress: num_multiply
1148.9984 	DATA 	Keypress: num_multiply
1149.1033 	DATA 	Keypress: 1
1149.9983 	DATA 	Keypress: num_multiply
1150.9982 	DATA 	Keypress: num_multiply
1152.0012 	DATA 	Keypress: num_multiply
1152.9981 	DATA 	Keypress: num_multiply
1153.9978 	DATA 	Keypress: num_multiply
1154.9975 	DATA 	Keypress: num_multiply
1155.9976 	DATA 	Keypress: num_multiply
1156.9975 	DATA 	Keypress: num_multiply
1157.9975 	DATA 	Keypress: num_multiply
1158.9975 	DATA 	Keypress: num_multiply
1159.9972 	DATA 	Keypress: num_multiply
1160.9972 	DATA 	Keypress: num_multiply
1161.9971 	DATA 	Keypress: num_multiply
1162.9971 	DATA 	Keypress: num_multiply
1163.9970 	DATA 	Keypress: num_multiply
1164.9971 	DATA 	Keypress: num_multiply
1166.0018 	DATA 	Keypress: num_multiply
1167.0012 	DATA 	Keypress: num_multiply
1168.0016 	DATA 	Keypress: num_multiply
1169.0014 	DATA 	Keypress: num_multiply
1170.0012 	DATA 	Keypress: num_multiply
1170.9977 	DATA 	Keypress: num_multiply
1172.0011 	DATA 	Keypress: num_multiply
1172.9984 	DATA 	Keypress: num_multiply
1174.0009 	DATA 	Keypress: num_multiply
1175.0009 	DATA 	Keypress: num_multiply
1176.0007 	DATA 	Keypress: num_multiply
1177.0007 	DATA 	Keypress: num_multiply
1178.0004 	DATA 	Keypress: num_multiply
1179.0003 	DATA 	Keypress: num_multiply
1180.0004 	DATA 	Keypress: num_multiply
1180.5835 	DATA 	Keypress: 1
1181.0000 	DATA 	Keypress: num_multiply
1182.0001 	DATA 	Keypress: num_multiply
1183.0002 	DATA 	Keypress: num_multiply
1184.0001 	DATA 	Keypress: num_multiply
1184.9998 	DATA 	Keypress: num_multiply
1185.9999 	DATA 	Keypress: num_multiply
1186.9998 	DATA 	Keypress: num_multiply
1187.9995 	DATA 	Keypress: num_multiply
1188.9994 	DATA 	Keypress: num_multiply
1189.4610 	DATA 	Keypress: 1
1189.9994 	DATA 	Keypress: num_multiply
1190.9994 	DATA 	Keypress: num_multiply
1191.9994 	DATA 	Keypress: num_multiply
1192.9993 	DATA 	Keypress: num_multiply
1193.9991 	DATA 	Keypress: num_multiply
1194.9989 	DATA 	Keypress: num_multiply
1195.9988 	DATA 	Keypress: num_multiply
1197.0003 	DATA 	Keypress: num_multiply
1197.9980 	DATA 	Keypress: num_multiply
1198.9985 	DATA 	Keypress: num_multiply
1199.9985 	DATA 	Keypress: num_multiply
1200.9982 	DATA 	Keypress: num_multiply
1201.9982 	DATA 	Keypress: num_multiply
1202.9983 	DATA 	Keypress: num_multiply
1203.9982 	DATA 	Keypress: num_multiply
1204.9981 	DATA 	Keypress: num_multiply
1205.9980 	DATA 	Keypress: num_multiply
1206.9977 	DATA 	Keypress: num_multiply
1207.9975 	DATA 	Keypress: num_multiply
1208.9972 	DATA 	Keypress: num_multiply
1209.9972 	DATA 	Keypress: num_multiply
1210.9973 	DATA 	Keypress: num_multiply
1211.9968 	DATA 	Keypress: num_multiply
1212.9989 	DATA 	Keypress: num_multiply
1213.9968 	DATA 	Keypress: num_multiply
1214.9970 	DATA 	Keypress: num_multiply
1215.9970 	DATA 	Keypress: num_multiply
1216.9970 	DATA 	Keypress: num_multiply
1217.9970 	DATA 	Keypress: num_multiply
1219.0081 	DATA 	Keypress: num_multiply
1220.0079 	DATA 	Keypress: num_multiply
1221.0080 	DATA 	Keypress: num_multiply
1222.0077 	DATA 	Keypress: num_multiply
1223.0077 	DATA 	Keypress: num_multiply
1224.0075 	DATA 	Keypress: num_multiply
1225.0074 	DATA 	Keypress: num_multiply
1226.0073 	DATA 	Keypress: num_multiply
1227.0072 	DATA 	Keypress: num_multiply
1228.0105 	DATA 	Keypress: num_multiply
1229.0066 	DATA 	Keypress: num_multiply
1230.0067 	DATA 	Keypress: num_multiply
1231.0068 	DATA 	Keypress: num_multiply
1231.4902 	DATA 	Keypress: 1
1232.0068 	DATA 	Keypress: num_multiply
1233.0066 	DATA 	Keypress: num_multiply
1234.0066 	DATA 	Keypress: num_multiply
1235.0065 	DATA 	Keypress: num_multiply
1235.9970 	DATA 	Keypress: num_multiply
1237.0016 	DATA 	Keypress: num_multiply
1237.9976 	DATA 	Keypress: num_multiply
1239.0060 	DATA 	Keypress: num_multiply
1240.0017 	DATA 	Keypress: num_multiply
1241.0059 	DATA 	Keypress: num_multiply
1242.0059 	DATA 	Keypress: num_multiply
1243.0058 	DATA 	Keypress: num_multiply
1244.0056 	DATA 	Keypress: num_multiply
1245.0050 	DATA 	Keypress: num_multiply
1246.0053 	DATA 	Keypress: num_multiply
1247.0054 	DATA 	Keypress: num_multiply
1248.0046 	DATA 	Keypress: num_multiply
1249.0050 	DATA 	Keypress: num_multiply
1250.0047 	DATA 	Keypress: num_multiply
1251.0043 	DATA 	Keypress: num_multiply
1252.0049 	DATA 	Keypress: num_multiply
1253.0046 	DATA 	Keypress: num_multiply
1254.0045 	DATA 	Keypress: num_multiply
1255.0042 	DATA 	Keypress: num_multiply
1256.0044 	DATA 	Keypress: num_multiply
1257.0043 	DATA 	Keypress: num_multiply
1258.0041 	DATA 	Keypress: num_multiply
1259.0039 	DATA 	Keypress: num_multiply
1260.0038 	DATA 	Keypress: num_multiply
1261.0037 	DATA 	Keypress: num_multiply
1262.0038 	DATA 	Keypress: num_multiply
1263.0036 	DATA 	Keypress: num_multiply
1264.0033 	DATA 	Keypress: num_multiply
1265.0032 	DATA 	Keypress: num_multiply
1266.0030 	DATA 	Keypress: num_multiply
1267.0029 	DATA 	Keypress: num_multiply
1268.0029 	DATA 	Keypress: num_multiply
1269.0029 	DATA 	Keypress: num_multiply
1270.0029 	DATA 	Keypress: num_multiply
1271.0033 	DATA 	Keypress: num_multiply
1272.0027 	DATA 	Keypress: num_multiply
1273.0029 	DATA 	Keypress: num_multiply
1274.0026 	DATA 	Keypress: num_multiply
1275.0024 	DATA 	Keypress: num_multiply
1276.0024 	DATA 	Keypress: num_multiply
1277.0054 	DATA 	Keypress: num_multiply
1278.0022 	DATA 	Keypress: num_multiply
1279.0021 	DATA 	Keypress: num_multiply
1279.1520 	DATA 	Keypress: 1
1280.0020 	DATA 	Keypress: num_multiply
1281.0020 	DATA 	Keypress: num_multiply
1282.0018 	DATA 	Keypress: num_multiply
1283.0017 	DATA 	Keypress: num_multiply
1284.0038 	DATA 	Keypress: num_multiply
1285.0022 	DATA 	Keypress: num_multiply
1286.0014 	DATA 	Keypress: num_multiply
1287.0011 	DATA 	Keypress: num_multiply
1288.0012 	DATA 	Keypress: num_multiply
1289.0010 	DATA 	Keypress: num_multiply
1290.0010 	DATA 	Keypress: num_multiply
1291.0022 	DATA 	Keypress: num_multiply
1292.0005 	DATA 	Keypress: num_multiply
1293.0020 	DATA 	Keypress: num_multiply
1294.0005 	DATA 	Keypress: num_multiply
1295.0005 	DATA 	Keypress: num_multiply
1296.0004 	DATA 	Keypress: num_multiply
1297.0002 	DATA 	Keypress: num_multiply
1298.0001 	DATA 	Keypress: num_multiply
1298.9999 	DATA 	Keypress: num_multiply
1300.0000 	DATA 	Keypress: num_multiply
1300.9999 	DATA 	Keypress: num_multiply
1301.9993 	DATA 	Keypress: num_multiply
1302.6888 	DATA 	Keypress: 1
1302.9998 	DATA 	Keypress: num_multiply
1303.9996 	DATA 	Keypress: num_multiply
1304.9994 	DATA 	Keypress: num_multiply
1305.9993 	DATA 	Keypress: num_multiply
1306.9993 	DATA 	Keypress: num_multiply
1307.9997 	DATA 	Keypress: num_multiply
1308.9991 	DATA 	Keypress: num_multiply
1309.9990 	DATA 	Keypress: num_multiply
1310.9989 	DATA 	Keypress: num_multiply
1311.9989 	DATA 	Keypress: num_multiply
1312.9988 	DATA 	Keypress: num_multiply
1313.9986 	DATA 	Keypress: num_multiply
1314.9984 	DATA 	Keypress: num_multiply
1316.0000 	DATA 	Keypress: num_multiply
1316.9982 	DATA 	Keypress: num_multiply
1317.9981 	DATA 	Keypress: num_multiply
1318.9982 	DATA 	Keypress: num_multiply
1319.9979 	DATA 	Keypress: num_multiply
1320.9979 	DATA 	Keypress: num_multiply
1321.9977 	DATA 	Keypress: num_multiply
1322.9977 	DATA 	Keypress: num_multiply
1323.9975 	DATA 	Keypress: num_multiply
1324.9975 	DATA 	Keypress: num_multiply
1325.9974 	DATA 	Keypress: num_multiply
1326.8640 	DATA 	Keypress: 1
1326.9972 	DATA 	Keypress: num_multiply
1327.9972 	DATA 	Keypress: num_multiply
1328.9970 	DATA 	Keypress: num_multiply
1329.9970 	DATA 	Keypress: num_multiply
1330.9970 	DATA 	Keypress: num_multiply
1331.9970 	DATA 	Keypress: num_multiply
1333.0028 	DATA 	Keypress: num_multiply
1334.0025 	DATA 	Keypress: num_multiply
1335.0025 	DATA 	Keypress: num_multiply
1336.0026 	DATA 	Keypress: num_multiply
1337.0042 	DATA 	Keypress: num_multiply
1338.0024 	DATA 	Keypress: num_multiply
1339.0023 	DATA 	Keypress: num_multiply
1340.0021 	DATA 	Keypress: num_multiply
1341.0021 	DATA 	Keypress: num_multiply
1342.0021 	DATA 	Keypress: num_multiply
1343.0020 	DATA 	Keypress: num_multiply
1344.0017 	DATA 	Keypress: num_multiply
1344.8851 	DATA 	Keypress: 1
1345.0017 	DATA 	Keypress: num_multiply
1346.0016 	DATA 	Keypress: num_multiply
1347.0012 	DATA 	Keypress: num_multiply
1348.0013 	DATA 	Keypress: num_multiply
1349.0013 	DATA 	Keypress: num_multiply
1350.0013 	DATA 	Keypress: num_multiply
1350.9948 	DATA 	Keypress: 1
1351.0014 	DATA 	Keypress: num_multiply
1351.9981 	DATA 	Keypress: num_multiply
1353.0006 	DATA 	Keypress: num_multiply
1354.0006 	DATA 	Keypress: num_multiply
1355.0037 	DATA 	Keypress: num_multiply
1355.9991 	DATA 	Keypress: num_multiply
1357.0004 	DATA 	Keypress: num_multiply
1358.0001 	DATA 	Keypress: num_multiply
1359.0004 	DATA 	Keypress: num_multiply
1360.0003 	DATA 	Keypress: num_multiply
1360.9993 	DATA 	Keypress: num_multiply
1362.0026 	DATA 	Keypress: num_multiply
1363.0016 	DATA 	Keypress: num_multiply
1363.9999 	DATA 	Keypress: num_multiply
1364.9992 	DATA 	Keypress: num_multiply
1365.9997 	DATA 	Keypress: num_multiply
1366.9995 	DATA 	Keypress: num_multiply
1367.9993 	DATA 	Keypress: num_multiply
1368.9992 	DATA 	Keypress: num_multiply
1369.9966 	DATA 	Keypress: num_multiply
1370.9987 	DATA 	Keypress: num_multiply
1371.9988 	DATA 	Keypress: num_multiply
1372.9990 	DATA 	Keypress: num_multiply
1373.9989 	DATA 	Keypress: num_multiply
1374.9989 	DATA 	Keypress: num_multiply
1375.9989 	DATA 	Keypress: num_multiply
1376.9984 	DATA 	Keypress: num_multiply
1377.9979 	DATA 	Keypress: num_multiply
1378.0086 	DATA 	Keypress: 1
1378.9982 	DATA 	Keypress: num_multiply
1379.9984 	DATA 	Keypress: num_multiply
1380.9984 	DATA 	Keypress: num_multiply
1381.9983 	DATA 	Keypress: num_multiply
1382.9978 	DATA 	Keypress: num_multiply
1383.9980 	DATA 	Keypress: num_multiply
1384.9978 	DATA 	Keypress: num_multiply
1385.9977 	DATA 	Keypress: num_multiply
1386.9977 	DATA 	Keypress: num_multiply
1387.9976 	DATA 	Keypress: num_multiply
1388.9974 	DATA 	Keypress: num_multiply
1389.9975 	DATA 	Keypress: num_multiply
1390.9972 	DATA 	Keypress: num_multiply
1391.9972 	DATA 	Keypress: num_multiply
1392.9973 	DATA 	Keypress: num_multiply
1393.9971 	DATA 	Keypress: num_multiply
1394.9968 	DATA 	Keypress: num_multiply
1395.9969 	DATA 	Keypress: num_multiply
1396.9970 	DATA 	Keypress: num_multiply
1398.0068 	DATA 	Keypress: num_multiply
1399.0067 	DATA 	Keypress: num_multiply
1400.0066 	DATA 	Keypress: num_multiply
1401.0064 	DATA 	Keypress: num_multiply
1402.0062 	DATA 	Keypress: num_multiply
1402.9969 	DATA 	Keypress: num_multiply
1404.0061 	DATA 	Keypress: num_multiply
1405.0061 	DATA 	Keypress: num_multiply
1406.0060 	DATA 	Keypress: num_multiply
1407.0059 	DATA 	Keypress: num_multiply
1408.0058 	DATA 	Keypress: num_multiply
1409.0055 	DATA 	Keypress: num_multiply
1410.0056 	DATA 	Keypress: num_multiply
1411.0054 	DATA 	Keypress: num_multiply
1412.0054 	DATA 	Keypress: num_multiply
1413.0051 	DATA 	Keypress: num_multiply
1414.0052 	DATA 	Keypress: num_multiply
1415.0051 	DATA 	Keypress: num_multiply
1416.0053 	DATA 	Keypress: num_multiply
1417.0049 	DATA 	Keypress: num_multiply
1418.0048 	DATA 	Keypress: num_multiply
1419.0048 	DATA 	Keypress: num_multiply
1420.0046 	DATA 	Keypress: num_multiply
1421.0045 	DATA 	Keypress: num_multiply
1422.0040 	DATA 	Keypress: num_multiply
1423.0042 	DATA 	Keypress: num_multiply
1424.0042 	DATA 	Keypress: num_multiply
1425.0040 	DATA 	Keypress: num_multiply
1426.0039 	DATA 	Keypress: num_multiply
1427.0039 	DATA 	Keypress: num_multiply
1428.0038 	DATA 	Keypress: num_multiply
1429.0037 	DATA 	Keypress: num_multiply
1430.0037 	DATA 	Keypress: num_multiply
1431.0038 	DATA 	Keypress: num_multiply
1432.0034 	DATA 	Keypress: num_multiply
1433.0056 	DATA 	Keypress: num_multiply
1434.0030 	DATA 	Keypress: num_multiply
1434.2365 	DATA 	Keypress: 1
1435.0031 	DATA 	Keypress: num_multiply
1436.0030 	DATA 	Keypress: num_multiply
1437.0024 	DATA 	Keypress: num_multiply
1438.0027 	DATA 	Keypress: num_multiply
1439.0030 	DATA 	Keypress: num_multiply
1440.0026 	DATA 	Keypress: num_multiply
1441.0024 	DATA 	Keypress: num_multiply
1442.0023 	DATA 	Keypress: num_multiply
1443.0023 	DATA 	Keypress: num_multiply
1444.0022 	DATA 	Keypress: num_multiply
1445.0021 	DATA 	Keypress: num_multiply
1446.0021 	DATA 	Keypress: num_multiply
1446.2521 	DATA 	Keypress: 1
1447.0044 	DATA 	Keypress: num_multiply
1448.0018 	DATA 	Keypress: num_multiply
1449.0014 	DATA 	Keypress: num_multiply
1450.0016 	DATA 	Keypress: num_multiply
1451.0015 	DATA 	Keypress: num_multiply
1452.0013 	DATA 	Keypress: num_multiply
1453.0014 	DATA 	Keypress: num_multiply
1454.0036 	DATA 	Keypress: num_multiply
1455.0010 	DATA 	Keypress: num_multiply
1456.0010 	DATA 	Keypress: num_multiply
1457.0010 	DATA 	Keypress: num_multiply
1458.0008 	DATA 	Keypress: num_multiply
1459.0008 	DATA 	Keypress: num_multiply
1460.0005 	DATA 	Keypress: num_multiply
1461.0028 	DATA 	Keypress: num_multiply
1462.0003 	DATA 	Keypress: num_multiply
1463.0003 	DATA 	Keypress: num_multiply
1464.0003 	DATA 	Keypress: num_multiply
1464.9999 	DATA 	Keypress: num_multiply
1466.0001 	DATA 	Keypress: num_multiply
1466.9997 	DATA 	Keypress: num_multiply
1468.0024 	DATA 	Keypress: num_multiply
1468.9996 	DATA 	Keypress: num_multiply
1469.9995 	DATA 	Keypress: num_multiply
1470.9993 	DATA 	Keypress: num_multiply
1471.9994 	DATA 	Keypress: num_multiply
1472.9994 	DATA 	Keypress: num_multiply
1473.9988 	DATA 	Keypress: num_multiply
1474.9991 	DATA 	Keypress: num_multiply
1475.9989 	DATA 	Keypress: num_multiply
1477.0014 	DATA 	Keypress: num_multiply
1477.9989 	DATA 	Keypress: num_multiply
1478.9984 	DATA 	Keypress: num_multiply
1479.9984 	DATA 	Keypress: num_multiply
1480.9985 	DATA 	Keypress: num_multiply
1481.9983 	DATA 	Keypress: num_multiply
1482.9982 	DATA 	Keypress: num_multiply
1483.9982 	DATA 	Keypress: num_multiply
1484.9981 	DATA 	Keypress: num_multiply
1485.9980 	DATA 	Keypress: num_multiply
1486.9979 	DATA 	Keypress: num_multiply
1487.9980 	DATA 	Keypress: num_multiply
1488.9974 	DATA 	Keypress: num_multiply
1489.6712 	DATA 	Keypress: 1
1489.9978 	DATA 	Keypress: num_multiply
1491.0022 	DATA 	Keypress: num_multiply
1491.9973 	DATA 	Keypress: num_multiply
1492.9974 	DATA 	Keypress: num_multiply
1493.2974 	DATA 	Keypress: 1
1493.9972 	DATA 	Keypress: num_multiply
1494.9971 	DATA 	Keypress: num_multiply
1495.9971 	DATA 	Keypress: num_multiply
1496.9979 	DATA 	Keypress: num_multiply
1497.9969 	DATA 	Keypress: num_multiply
1499.0039 	DATA 	Keypress: num_multiply
1500.0037 	DATA 	Keypress: num_multiply
1501.0012 	DATA 	Keypress: num_multiply
1502.0031 	DATA 	Keypress: num_multiply
1502.9988 	DATA 	Keypress: num_multiply
1504.0033 	DATA 	Keypress: num_multiply
1505.0032 	DATA 	Keypress: num_multiply
1506.0034 	DATA 	Keypress: num_multiply
1507.0030 	DATA 	Keypress: num_multiply
1508.0028 	DATA 	Keypress: num_multiply
1509.0032 	DATA 	Keypress: num_multiply
1510.0027 	DATA 	Keypress: num_multiply
1511.0026 	DATA 	Keypress: num_multiply
1512.0031 	DATA 	Keypress: num_multiply
1513.0026 	DATA 	Keypress: num_multiply
1514.0022 	DATA 	Keypress: num_multiply
1515.0023 	DATA 	Keypress: num_multiply
1515.9999 	DATA 	Keypress: num_multiply
1517.0020 	DATA 	Keypress: num_multiply
1518.0017 	DATA 	Keypress: num_multiply
1519.0015 	DATA 	Keypress: num_multiply
1520.0018 	DATA 	Keypress: num_multiply
1521.0013 	DATA 	Keypress: num_multiply
1522.0012 	DATA 	Keypress: num_multiply
1522.8283 	DATA 	Keypress: 1
1523.0017 	DATA 	Keypress: num_multiply
1524.0016 	DATA 	Keypress: num_multiply
1525.0011 	DATA 	Keypress: num_multiply
1526.0012 	DATA 	Keypress: num_multiply
1527.0014 	DATA 	Keypress: num_multiply
1528.0012 	DATA 	Keypress: num_multiply
1529.0010 	DATA 	Keypress: num_multiply
1530.0007 	DATA 	Keypress: num_multiply
1531.0003 	DATA 	Keypress: num_multiply
1531.8668 	DATA 	Keypress: 1
1532.0006 	DATA 	Keypress: num_multiply
1533.0006 	DATA 	Keypress: num_multiply
1533.9988 	DATA 	Keypress: num_multiply
1535.0004 	DATA 	Keypress: num_multiply
1536.0000 	DATA 	Keypress: num_multiply
1537.0002 	DATA 	Keypress: num_multiply
1538.0001 	DATA 	Keypress: num_multiply
1538.9995 	DATA 	Keypress: num_multiply
1540.0006 	DATA 	Keypress: num_multiply
1540.8590 	DATA 	Keypress: 1
1541.0000 	DATA 	Keypress: num_multiply
1541.9993 	DATA 	Keypress: num_multiply
1543.0000 	DATA 	Keypress: num_multiply
1543.9995 	DATA 	Keypress: num_multiply
1544.9994 	DATA 	Keypress: num_multiply
1545.9993 	DATA 	Keypress: num_multiply
1548.9414 	EXP 	window1: blendMode = 'avg'
1567.8424 	DATA 	Keypress: space
1567.8427 	EXP 	window1: mouseVisible = True
